2022-10-08 11:01:27 URL:http://ports.ubuntu.com/ubuntu-ports/dists/jammy/InRelease [270087/270087] -> "/home/epi/PycharmProjects/fuzzing-101-solutions/jammy-rootfs/var/lib/apt/lists/partial/ports.ubuntu.com_ubuntu-ports_dists_jammy_InRelease" [1]
gpgv: Signature made Thu Apr 21 12:16:39 2022 CDT
gpgv:                using RSA key 871920D1991BC93C
gpgv: Good signature from "Ubuntu Archive Automatic Signing Key (2018) <ftpmaster@ubuntu.com>"
gpgv: Signature made Thu Apr 21 12:16:39 2022 CDT
gpgv:                using RSA key 871920D1991BC93C
gpgv: Good signature from "Ubuntu Archive Automatic Signing Key (2018) <ftpmaster@ubuntu.com>"
2022-10-08 11:01:44 URL:http://ports.ubuntu.com/ubuntu-ports/dists/jammy/main/binary-arm64/by-hash/SHA256/b80d1f097198f4a2d80f84db0252263d902051a695040acbc085f033048bc9bb [1368524/1368524] -> "/home/epi/PycharmProjects/fuzzing-101-solutions/jammy-rootfs/var/lib/apt/lists/partial/ports.ubuntu.com_ubuntu-ports_dists_jammy_main_binary-arm64_Packages.xz" [1]
2022-10-08 11:01:46 URL:http://ports.ubuntu.com/ubuntu-ports/pool/main/a/adduser/adduser_3.118ubuntu5_all.deb [155528/155528] -> "/home/epi/PycharmProjects/fuzzing-101-solutions/jammy-rootfs//var/cache/apt/archives/partial/adduser_3.118ubuntu5_all.deb" [1]
2022-10-08 11:01:47 URL:http://ports.ubuntu.com/ubuntu-ports/pool/main/a/apt/apt_2.4.5_arm64.deb [1344434/1344434] -> "/home/epi/PycharmProjects/fuzzing-101-solutions/jammy-rootfs//var/cache/apt/archives/partial/apt_2.4.5_arm64.deb" [1]
2022-10-08 11:01:48 URL:http://ports.ubuntu.com/ubuntu-ports/pool/main/a/apt/apt-utils_2.4.5_arm64.deb [204754/204754] -> "/home/epi/PycharmProjects/fuzzing-101-solutions/jammy-rootfs//var/cache/apt/archives/partial/apt-utils_2.4.5_arm64.deb" [1]
2022-10-08 11:01:48 URL:http://ports.ubuntu.com/ubuntu-ports/pool/main/b/base-files/base-files_12ubuntu4_arm64.deb [62844/62844] -> "/home/epi/PycharmProjects/fuzzing-101-solutions/jammy-rootfs//var/cache/apt/archives/partial/base-files_12ubuntu4_arm64.deb" [1]
2022-10-08 11:01:49 URL:http://ports.ubuntu.com/ubuntu-ports/pool/main/b/base-passwd/base-passwd_3.5.52build1_arm64.deb [49000/49000] -> "/home/epi/PycharmProjects/fuzzing-101-solutions/jammy-rootfs//var/cache/apt/archives/partial/base-passwd_3.5.52build1_arm64.deb" [1]
2022-10-08 11:01:50 URL:http://ports.ubuntu.com/ubuntu-ports/pool/main/b/bash/bash_5.1-6ubuntu1_arm64.deb [761546/761546] -> "/home/epi/PycharmProjects/fuzzing-101-solutions/jammy-rootfs//var/cache/apt/archives/partial/bash_5.1-6ubuntu1_arm64.deb" [1]
2022-10-08 11:01:50 URL:http://ports.ubuntu.com/ubuntu-ports/pool/main/u/util-linux/bsdutils_2.37.2-4ubuntu3_arm64.deb [84828/84828] -> "/home/epi/PycharmProjects/fuzzing-101-solutions/jammy-rootfs//var/cache/apt/archives/partial/bsdutils_1%3a2.37.2-4ubuntu3_arm64.deb" [1]
2022-10-08 11:01:51 URL:http://ports.ubuntu.com/ubuntu-ports/pool/main/c/ca-certificates/ca-certificates_20211016_all.deb [147612/147612] -> "/home/epi/PycharmProjects/fuzzing-101-solutions/jammy-rootfs//var/cache/apt/archives/partial/ca-certificates_20211016_all.deb" [1]
2022-10-08 11:01:51 URL:http://ports.ubuntu.com/ubuntu-ports/pool/main/c/console-setup/console-setup_1.205ubuntu3_all.deb [110278/110278] -> "/home/epi/PycharmProjects/fuzzing-101-solutions/jammy-rootfs//var/cache/apt/archives/partial/console-setup_1.205ubuntu3_all.deb" [1]
2022-10-08 11:01:53 URL:http://ports.ubuntu.com/ubuntu-ports/pool/main/c/console-setup/console-setup-linux_1.205ubuntu3_all.deb [1870586/1870586] -> "/home/epi/PycharmProjects/fuzzing-101-solutions/jammy-rootfs//var/cache/apt/archives/partial/console-setup-linux_1.205ubuntu3_all.deb" [1]
2022-10-08 11:01:54 URL:http://ports.ubuntu.com/ubuntu-ports/pool/main/c/coreutils/coreutils_8.32-4.1ubuntu1_arm64.deb [1397548/1397548] -> "/home/epi/PycharmProjects/fuzzing-101-solutions/jammy-rootfs//var/cache/apt/archives/partial/coreutils_8.32-4.1ubuntu1_arm64.deb" [1]
2022-10-08 11:01:54 URL:http://ports.ubuntu.com/ubuntu-ports/pool/main/c/cron/cron_3.0pl1-137ubuntu3_arm64.deb [73094/73094] -> "/home/epi/PycharmProjects/fuzzing-101-solutions/jammy-rootfs//var/cache/apt/archives/partial/cron_3.0pl1-137ubuntu3_arm64.deb" [1]
2022-10-08 11:01:55 URL:http://ports.ubuntu.com/ubuntu-ports/pool/main/d/dash/dash_0.5.11+git20210903+057cd650a4ed-3build1_arm64.deb [91784/91784] -> "/home/epi/PycharmProjects/fuzzing-101-solutions/jammy-rootfs//var/cache/apt/archives/partial/dash_0.5.11+git20210903+057cd650a4ed-3build1_arm64.deb" [1]
2022-10-08 11:01:56 URL:http://ports.ubuntu.com/ubuntu-ports/pool/main/d/dbus/dbus_1.12.20-2ubuntu4_arm64.deb [153666/153666] -> "/home/epi/PycharmProjects/fuzzing-101-solutions/jammy-rootfs//var/cache/apt/archives/partial/dbus_1.12.20-2ubuntu4_arm64.deb" [1]
2022-10-08 11:01:56 URL:http://ports.ubuntu.com/ubuntu-ports/pool/main/d/debconf/debconf_1.5.79ubuntu1_all.deb [126202/126202] -> "/home/epi/PycharmProjects/fuzzing-101-solutions/jammy-rootfs//var/cache/apt/archives/partial/debconf_1.5.79ubuntu1_all.deb" [1]
2022-10-08 11:01:57 URL:http://ports.ubuntu.com/ubuntu-ports/pool/main/d/debconf/debconf-i18n_1.5.79ubuntu1_all.deb [216498/216498] -> "/home/epi/PycharmProjects/fuzzing-101-solutions/jammy-rootfs//var/cache/apt/archives/partial/debconf-i18n_1.5.79ubuntu1_all.deb" [1]
2022-10-08 11:01:58 URL:http://ports.ubuntu.com/ubuntu-ports/pool/main/d/debianutils/debianutils_5.5-1ubuntu2_arm64.deb [106468/106468] -> "/home/epi/PycharmProjects/fuzzing-101-solutions/jammy-rootfs//var/cache/apt/archives/partial/debianutils_5.5-1ubuntu2_arm64.deb" [1]
2022-10-08 11:01:58 URL:http://ports.ubuntu.com/ubuntu-ports/pool/main/d/diffutils/diffutils_3.8-0ubuntu2_arm64.deb [168736/168736] -> "/home/epi/PycharmProjects/fuzzing-101-solutions/jammy-rootfs//var/cache/apt/archives/partial/diffutils_1%3a3.8-0ubuntu2_arm64.deb" [1]
2022-10-08 11:01:59 URL:http://ports.ubuntu.com/ubuntu-ports/pool/main/d/distro-info/distro-info_1.1build1_arm64.deb [19120/19120] -> "/home/epi/PycharmProjects/fuzzing-101-solutions/jammy-rootfs//var/cache/apt/archives/partial/distro-info_1.1build1_arm64.deb" [1]
2022-10-08 11:01:59 URL:http://ports.ubuntu.com/ubuntu-ports/pool/main/d/distro-info-data/distro-info-data_0.52_all.deb [5040/5040] -> "/home/epi/PycharmProjects/fuzzing-101-solutions/jammy-rootfs//var/cache/apt/archives/partial/distro-info-data_0.52_all.deb" [1]
2022-10-08 11:02:00 URL:http://ports.ubuntu.com/ubuntu-ports/pool/main/l/lvm2/dmsetup_1.02.175-2.1ubuntu4_arm64.deb [75824/75824] -> "/home/epi/PycharmProjects/fuzzing-101-solutions/jammy-rootfs//var/cache/apt/archives/partial/dmsetup_2%3a1.02.175-2.1ubuntu4_arm64.deb" [1]
2022-10-08 11:02:01 URL:http://ports.ubuntu.com/ubuntu-ports/pool/main/d/dpkg/dpkg_1.21.1ubuntu2_arm64.deb [1218892/1218892] -> "/home/epi/PycharmProjects/fuzzing-101-solutions/jammy-rootfs//var/cache/apt/archives/partial/dpkg_1.21.1ubuntu2_arm64.deb" [1]
2022-10-08 11:02:02 URL:http://ports.ubuntu.com/ubuntu-ports/pool/main/e/e2fsprogs/e2fsprogs_1.46.5-2ubuntu1_arm64.deb [587082/587082] -> "/home/epi/PycharmProjects/fuzzing-101-solutions/jammy-rootfs//var/cache/apt/archives/partial/e2fsprogs_1.46.5-2ubuntu1_arm64.deb" [1]
2022-10-08 11:02:02 URL:http://ports.ubuntu.com/ubuntu-ports/pool/main/u/util-linux/eject_2.37.2-4ubuntu3_arm64.deb [26744/26744] -> "/home/epi/PycharmProjects/fuzzing-101-solutions/jammy-rootfs//var/cache/apt/archives/partial/eject_2.37.2-4ubuntu3_arm64.deb" [1]
2022-10-08 11:02:03 URL:http://ports.ubuntu.com/ubuntu-ports/pool/main/f/findutils/findutils_4.8.0-1ubuntu3_arm64.deb [332084/332084] -> "/home/epi/PycharmProjects/fuzzing-101-solutions/jammy-rootfs//var/cache/apt/archives/partial/findutils_4.8.0-1ubuntu3_arm64.deb" [1]
2022-10-08 11:02:03 URL:http://ports.ubuntu.com/ubuntu-ports/pool/main/g/gcc-12/gcc-12-base_12-20220319-1ubuntu1_arm64.deb [18900/18900] -> "/home/epi/PycharmProjects/fuzzing-101-solutions/jammy-rootfs//var/cache/apt/archives/partial/gcc-12-base_12-20220319-1ubuntu1_arm64.deb" [1]
2022-10-08 11:02:04 URL:http://ports.ubuntu.com/ubuntu-ports/pool/main/g/gobject-introspection/gir1.2-glib-2.0_1.72.0-1_arm64.deb [164988/164988] -> "/home/epi/PycharmProjects/fuzzing-101-solutions/jammy-rootfs//var/cache/apt/archives/partial/gir1.2-glib-2.0_1.72.0-1_arm64.deb" [1]
2022-10-08 11:02:05 URL:http://ports.ubuntu.com/ubuntu-ports/pool/main/g/gnupg2/gpgv_2.2.27-3ubuntu2_arm64.deb [133340/133340] -> "/home/epi/PycharmProjects/fuzzing-101-solutions/jammy-rootfs//var/cache/apt/archives/partial/gpgv_2.2.27-3ubuntu2_arm64.deb" [1]
2022-10-08 11:02:05 URL:http://ports.ubuntu.com/ubuntu-ports/pool/main/g/grep/grep_3.7-1build1_arm64.deb [152214/152214] -> "/home/epi/PycharmProjects/fuzzing-101-solutions/jammy-rootfs//var/cache/apt/archives/partial/grep_3.7-1build1_arm64.deb" [1]
2022-10-08 11:02:06 URL:http://ports.ubuntu.com/ubuntu-ports/pool/main/g/gzip/gzip_1.10-4ubuntu4_arm64.deb [94738/94738] -> "/home/epi/PycharmProjects/fuzzing-101-solutions/jammy-rootfs//var/cache/apt/archives/partial/gzip_1.10-4ubuntu4_arm64.deb" [1]
2022-10-08 11:02:06 URL:http://ports.ubuntu.com/ubuntu-ports/pool/main/h/hostname/hostname_3.23ubuntu2_arm64.deb [11198/11198] -> "/home/epi/PycharmProjects/fuzzing-101-solutions/jammy-rootfs//var/cache/apt/archives/partial/hostname_3.23ubuntu2_arm64.deb" [1]
2022-10-08 11:02:06 URL:http://ports.ubuntu.com/ubuntu-ports/pool/main/i/init-system-helpers/init_1.62_arm64.deb [5412/5412] -> "/home/epi/PycharmProjects/fuzzing-101-solutions/jammy-rootfs//var/cache/apt/archives/partial/init_1.62_arm64.deb" [1]
2022-10-08 11:02:07 URL:http://ports.ubuntu.com/ubuntu-ports/pool/main/i/init-system-helpers/init-system-helpers_1.62_all.deb [38498/38498] -> "/home/epi/PycharmProjects/fuzzing-101-solutions/jammy-rootfs//var/cache/apt/archives/partial/init-system-helpers_1.62_all.deb" [1]
2022-10-08 11:02:08 URL:http://ports.ubuntu.com/ubuntu-ports/pool/main/i/iproute2/iproute2_5.15.0-1ubuntu2_arm64.deb [1080254/1080254] -> "/home/epi/PycharmProjects/fuzzing-101-solutions/jammy-rootfs//var/cache/apt/archives/partial/iproute2_5.15.0-1ubuntu2_arm64.deb" [1]
2022-10-08 11:02:08 URL:http://ports.ubuntu.com/ubuntu-ports/pool/main/i/iputils/iputils-ping_20211215-1_arm64.deb [43338/43338] -> "/home/epi/PycharmProjects/fuzzing-101-solutions/jammy-rootfs//var/cache/apt/archives/partial/iputils-ping_3%3a20211215-1_arm64.deb" [1]
2022-10-08 11:02:09 URL:http://ports.ubuntu.com/ubuntu-ports/pool/main/i/isc-dhcp/isc-dhcp-client_4.4.1-2.3ubuntu2_arm64.deb [228690/228690] -> "/home/epi/PycharmProjects/fuzzing-101-solutions/jammy-rootfs//var/cache/apt/archives/partial/isc-dhcp-client_4.4.1-2.3ubuntu2_arm64.deb" [1]
2022-10-08 11:02:10 URL:http://ports.ubuntu.com/ubuntu-ports/pool/main/i/isc-dhcp/isc-dhcp-common_4.4.1-2.3ubuntu2_arm64.deb [44480/44480] -> "/home/epi/PycharmProjects/fuzzing-101-solutions/jammy-rootfs//var/cache/apt/archives/partial/isc-dhcp-common_4.4.1-2.3ubuntu2_arm64.deb" [1]
2022-10-08 11:02:11 URL:http://ports.ubuntu.com/ubuntu-ports/pool/main/i/iso-codes/iso-codes_4.9.0-1_all.deb [3459400/3459400] -> "/home/epi/PycharmProjects/fuzzing-101-solutions/jammy-rootfs//var/cache/apt/archives/partial/iso-codes_4.9.0-1_all.deb" [1]
2022-10-08 11:02:12 URL:http://ports.ubuntu.com/ubuntu-ports/pool/main/k/kbd/kbd_2.3.0-3ubuntu4_arm64.deb [239412/239412] -> "/home/epi/PycharmProjects/fuzzing-101-solutions/jammy-rootfs//var/cache/apt/archives/partial/kbd_2.3.0-3ubuntu4_arm64.deb" [1]
2022-10-08 11:02:12 URL:http://ports.ubuntu.com/ubuntu-ports/pool/main/c/console-setup/keyboard-configuration_1.205ubuntu3_all.deb [205996/205996] -> "/home/epi/PycharmProjects/fuzzing-101-solutions/jammy-rootfs//var/cache/apt/archives/partial/keyboard-configuration_1.205ubuntu3_all.deb" [1]
2022-10-08 11:02:13 URL:http://ports.ubuntu.com/ubuntu-ports/pool/main/k/kmod/kmod_29-1ubuntu1_arm64.deb [99374/99374] -> "/home/epi/PycharmProjects/fuzzing-101-solutions/jammy-rootfs//var/cache/apt/archives/partial/kmod_29-1ubuntu1_arm64.deb" [1]
2022-10-08 11:02:14 URL:http://ports.ubuntu.com/ubuntu-ports/pool/main/l/less/less_590-1build1_arm64.deb [141704/141704] -> "/home/epi/PycharmProjects/fuzzing-101-solutions/jammy-rootfs//var/cache/apt/archives/partial/less_590-1build1_arm64.deb" [1]
2022-10-08 11:02:14 URL:http://ports.ubuntu.com/ubuntu-ports/pool/main/a/acl/libacl1_2.3.1-1_arm64.deb [16088/16088] -> "/home/epi/PycharmProjects/fuzzing-101-solutions/jammy-rootfs//var/cache/apt/archives/partial/libacl1_2.3.1-1_arm64.deb" [1]
2022-10-08 11:02:15 URL:http://ports.ubuntu.com/ubuntu-ports/pool/main/a/apparmor/libapparmor1_3.0.4-2ubuntu2_arm64.deb [38304/38304] -> "/home/epi/PycharmProjects/fuzzing-101-solutions/jammy-rootfs//var/cache/apt/archives/partial/libapparmor1_3.0.4-2ubuntu2_arm64.deb" [1]
2022-10-08 11:02:15 URL:http://ports.ubuntu.com/ubuntu-ports/pool/main/a/apt/libapt-pkg6.0_2.4.5_arm64.deb [864340/864340] -> "/home/epi/PycharmProjects/fuzzing-101-solutions/jammy-rootfs//var/cache/apt/archives/partial/libapt-pkg6.0_2.4.5_arm64.deb" [1]
2022-10-08 11:02:16 URL:http://ports.ubuntu.com/ubuntu-ports/pool/main/a/argon2/libargon2-1_0~20171227-0.3_arm64.deb [18634/18634] -> "/home/epi/PycharmProjects/fuzzing-101-solutions/jammy-rootfs//var/cache/apt/archives/partial/libargon2-1_0~20171227-0.3_arm64.deb" [1]
2022-10-08 11:02:16 URL:http://ports.ubuntu.com/ubuntu-ports/pool/main/l/linux-atm/libatm1_2.5.1-4build2_arm64.deb [23274/23274] -> "/home/epi/PycharmProjects/fuzzing-101-solutions/jammy-rootfs//var/cache/apt/archives/partial/libatm1_1%3a2.5.1-4build2_arm64.deb" [1]
2022-10-08 11:02:17 URL:http://ports.ubuntu.com/ubuntu-ports/pool/main/a/attr/libattr1_2.5.1-1build1_arm64.deb [13220/13220] -> "/home/epi/PycharmProjects/fuzzing-101-solutions/jammy-rootfs//var/cache/apt/archives/partial/libattr1_1%3a2.5.1-1build1_arm64.deb" [1]
2022-10-08 11:02:17 URL:http://ports.ubuntu.com/ubuntu-ports/pool/main/a/audit/libaudit-common_3.0.7-1build1_all.deb [4726/4726] -> "/home/epi/PycharmProjects/fuzzing-101-solutions/jammy-rootfs//var/cache/apt/archives/partial/libaudit-common_1%3a3.0.7-1build1_all.deb" [1]
2022-10-08 11:02:17 URL:http://ports.ubuntu.com/ubuntu-ports/pool/main/a/audit/libaudit1_3.0.7-1build1_arm64.deb [46174/46174] -> "/home/epi/PycharmProjects/fuzzing-101-solutions/jammy-rootfs//var/cache/apt/archives/partial/libaudit1_1%3a3.0.7-1build1_arm64.deb" [1]
2022-10-08 11:02:18 URL:http://ports.ubuntu.com/ubuntu-ports/pool/main/u/util-linux/libblkid1_2.37.2-4ubuntu3_arm64.deb [103162/103162] -> "/home/epi/PycharmProjects/fuzzing-101-solutions/jammy-rootfs//var/cache/apt/archives/partial/libblkid1_2.37.2-4ubuntu3_arm64.deb" [1]
2022-10-08 11:02:19 URL:http://ports.ubuntu.com/ubuntu-ports/pool/main/libb/libbpf/libbpf0_0.5.0-1_arm64.deb [139984/139984] -> "/home/epi/PycharmProjects/fuzzing-101-solutions/jammy-rootfs//var/cache/apt/archives/partial/libbpf0_1%3a0.5.0-1_arm64.deb" [1]
2022-10-08 11:02:19 URL:http://ports.ubuntu.com/ubuntu-ports/pool/main/libb/libbsd/libbsd0_0.11.5-1_arm64.deb [43662/43662] -> "/home/epi/PycharmProjects/fuzzing-101-solutions/jammy-rootfs//var/cache/apt/archives/partial/libbsd0_0.11.5-1_arm64.deb" [1]
2022-10-08 11:02:20 URL:http://ports.ubuntu.com/ubuntu-ports/pool/main/b/bzip2/libbz2-1.0_1.0.8-5build1_arm64.deb [36016/36016] -> "/home/epi/PycharmProjects/fuzzing-101-solutions/jammy-rootfs//var/cache/apt/archives/partial/libbz2-1.0_1.0.8-5build1_arm64.deb" [1]
2022-10-08 11:02:21 URL:http://ports.ubuntu.com/ubuntu-ports/pool/main/g/glibc/libc-bin_2.35-0ubuntu3_arm64.deb [600072/600072] -> "/home/epi/PycharmProjects/fuzzing-101-solutions/jammy-rootfs//var/cache/apt/archives/partial/libc-bin_2.35-0ubuntu3_arm64.deb" [1]
2022-10-08 11:02:22 URL:http://ports.ubuntu.com/ubuntu-ports/pool/main/g/glibc/libc6_2.35-0ubuntu3_arm64.deb [2706802/2706802] -> "/home/epi/PycharmProjects/fuzzing-101-solutions/jammy-rootfs//var/cache/apt/archives/partial/libc6_2.35-0ubuntu3_arm64.deb" [1]
2022-10-08 11:02:22 URL:http://ports.ubuntu.com/ubuntu-ports/pool/main/libc/libcap-ng/libcap-ng0_0.7.9-2.2build3_arm64.deb [11212/11212] -> "/home/epi/PycharmProjects/fuzzing-101-solutions/jammy-rootfs//var/cache/apt/archives/partial/libcap-ng0_0.7.9-2.2build3_arm64.deb" [1]
2022-10-08 11:02:23 URL:http://ports.ubuntu.com/ubuntu-ports/pool/main/libc/libcap2/libcap2_2.44-1build3_arm64.deb [17880/17880] -> "/home/epi/PycharmProjects/fuzzing-101-solutions/jammy-rootfs//var/cache/apt/archives/partial/libcap2_1%3a2.44-1build3_arm64.deb" [1]
2022-10-08 11:02:23 URL:http://ports.ubuntu.com/ubuntu-ports/pool/main/libc/libcap2/libcap2-bin_2.44-1build3_arm64.deb [25542/25542] -> "/home/epi/PycharmProjects/fuzzing-101-solutions/jammy-rootfs//var/cache/apt/archives/partial/libcap2-bin_1%3a2.44-1build3_arm64.deb" [1]
2022-10-08 11:02:24 URL:http://ports.ubuntu.com/ubuntu-ports/pool/main/e/e2fsprogs/libcom-err2_1.46.5-2ubuntu1_arm64.deb [9728/9728] -> "/home/epi/PycharmProjects/fuzzing-101-solutions/jammy-rootfs//var/cache/apt/archives/partial/libcom-err2_1.46.5-2ubuntu1_arm64.deb" [1]
2022-10-08 11:02:24 URL:http://ports.ubuntu.com/ubuntu-ports/pool/main/libx/libxcrypt/libcrypt1_4.4.27-1_arm64.deb [86850/86850] -> "/home/epi/PycharmProjects/fuzzing-101-solutions/jammy-rootfs//var/cache/apt/archives/partial/libcrypt1_1%3a4.4.27-1_arm64.deb" [1]
2022-10-08 11:02:25 URL:http://ports.ubuntu.com/ubuntu-ports/pool/main/c/cryptsetup/libcryptsetup12_2.4.3-1ubuntu1_arm64.deb [208136/208136] -> "/home/epi/PycharmProjects/fuzzing-101-solutions/jammy-rootfs//var/cache/apt/archives/partial/libcryptsetup12_2%3a2.4.3-1ubuntu1_arm64.deb" [1]
2022-10-08 11:02:26 URL:http://ports.ubuntu.com/ubuntu-ports/pool/main/d/db5.3/libdb5.3_5.3.28+dfsg1-0.8ubuntu3_arm64.deb [713828/713828] -> "/home/epi/PycharmProjects/fuzzing-101-solutions/jammy-rootfs//var/cache/apt/archives/partial/libdb5.3_5.3.28+dfsg1-0.8ubuntu3_arm64.deb" [1]
2022-10-08 11:02:27 URL:http://ports.ubuntu.com/ubuntu-ports/pool/main/d/dbus/libdbus-1-3_1.12.20-2ubuntu4_arm64.deb [187004/187004] -> "/home/epi/PycharmProjects/fuzzing-101-solutions/jammy-rootfs//var/cache/apt/archives/partial/libdbus-1-3_1.12.20-2ubuntu4_arm64.deb" [1]
2022-10-08 11:02:27 URL:http://ports.ubuntu.com/ubuntu-ports/pool/main/c/cdebconf/libdebconfclient0_0.261ubuntu1_arm64.deb [7080/7080] -> "/home/epi/PycharmProjects/fuzzing-101-solutions/jammy-rootfs//var/cache/apt/archives/partial/libdebconfclient0_0.261ubuntu1_arm64.deb" [1]
2022-10-08 11:02:28 URL:http://ports.ubuntu.com/ubuntu-ports/pool/main/l/lvm2/libdevmapper1.02.1_1.02.175-2.1ubuntu4_arm64.deb [128526/128526] -> "/home/epi/PycharmProjects/fuzzing-101-solutions/jammy-rootfs//var/cache/apt/archives/partial/libdevmapper1.02.1_2%3a1.02.175-2.1ubuntu4_arm64.deb" [1]
2022-10-08 11:02:29 URL:http://ports.ubuntu.com/ubuntu-ports/pool/main/b/bind9-libs/libdns-export1110_9.11.19+dfsg-2.1ubuntu3_arm64.deb [804608/804608] -> "/home/epi/PycharmProjects/fuzzing-101-solutions/jammy-rootfs//var/cache/apt/archives/partial/libdns-export1110_1%3a9.11.19+dfsg-2.1ubuntu3_arm64.deb" [1]
2022-10-08 11:02:29 URL:http://ports.ubuntu.com/ubuntu-ports/pool/main/e/elfutils/libelf1_0.186-1build1_arm64.deb [50710/50710] -> "/home/epi/PycharmProjects/fuzzing-101-solutions/jammy-rootfs//var/cache/apt/archives/partial/libelf1_0.186-1build1_arm64.deb" [1]
2022-10-08 11:02:29 URL:http://ports.ubuntu.com/ubuntu-ports/pool/main/libe/libestr/libestr0_0.1.10-2.1build3_arm64.deb [7764/7764] -> "/home/epi/PycharmProjects/fuzzing-101-solutions/jammy-rootfs//var/cache/apt/archives/partial/libestr0_0.1.10-2.1build3_arm64.deb" [1]
2022-10-08 11:02:30 URL:http://ports.ubuntu.com/ubuntu-ports/pool/main/e/expat/libexpat1_2.4.7-1_arm64.deb [78072/78072] -> "/home/epi/PycharmProjects/fuzzing-101-solutions/jammy-rootfs//var/cache/apt/archives/partial/libexpat1_2.4.7-1_arm64.deb" [1]
2022-10-08 11:02:31 URL:http://ports.ubuntu.com/ubuntu-ports/pool/main/e/e2fsprogs/libext2fs2_1.46.5-2ubuntu1_arm64.deb [211540/211540] -> "/home/epi/PycharmProjects/fuzzing-101-solutions/jammy-rootfs//var/cache/apt/archives/partial/libext2fs2_1.46.5-2ubuntu1_arm64.deb" [1]
2022-10-08 11:02:31 URL:http://ports.ubuntu.com/ubuntu-ports/pool/main/libf/libfastjson/libfastjson4_0.99.9-1build2_arm64.deb [22288/22288] -> "/home/epi/PycharmProjects/fuzzing-101-solutions/jammy-rootfs//var/cache/apt/archives/partial/libfastjson4_0.99.9-1build2_arm64.deb" [1]
2022-10-08 11:02:32 URL:http://ports.ubuntu.com/ubuntu-ports/pool/main/libf/libffi/libffi8_3.4.2-4_arm64.deb [21338/21338] -> "/home/epi/PycharmProjects/fuzzing-101-solutions/jammy-rootfs//var/cache/apt/archives/partial/libffi8_3.4.2-4_arm64.deb" [1]
2022-10-08 11:02:32 URL:http://ports.ubuntu.com/ubuntu-ports/pool/main/f/fribidi/libfribidi0_1.0.8-2ubuntu3_arm64.deb [25956/25956] -> "/home/epi/PycharmProjects/fuzzing-101-solutions/jammy-rootfs//var/cache/apt/archives/partial/libfribidi0_1.0.8-2ubuntu3_arm64.deb" [1]
2022-10-08 11:02:32 URL:http://ports.ubuntu.com/ubuntu-ports/pool/main/g/gcc-12/libgcc-s1_12-20220319-1ubuntu1_arm64.deb [39710/39710] -> "/home/epi/PycharmProjects/fuzzing-101-solutions/jammy-rootfs//var/cache/apt/archives/partial/libgcc-s1_12-20220319-1ubuntu1_arm64.deb" [1]
2022-10-08 11:02:33 URL:http://ports.ubuntu.com/ubuntu-ports/pool/main/libg/libgcrypt20/libgcrypt20_1.9.4-3ubuntu3_arm64.deb [456278/456278] -> "/home/epi/PycharmProjects/fuzzing-101-solutions/jammy-rootfs//var/cache/apt/archives/partial/libgcrypt20_1.9.4-3ubuntu3_arm64.deb" [1]
2022-10-08 11:02:34 URL:http://ports.ubuntu.com/ubuntu-ports/pool/main/g/gobject-introspection/libgirepository-1.0-1_1.72.0-1_arm64.deb [53526/53526] -> "/home/epi/PycharmProjects/fuzzing-101-solutions/jammy-rootfs//var/cache/apt/archives/partial/libgirepository-1.0-1_1.72.0-1_arm64.deb" [1]
2022-10-08 11:02:35 URL:http://ports.ubuntu.com/ubuntu-ports/pool/main/g/glib2.0/libglib2.0-0_2.72.1-1_arm64.deb [1429216/1429216] -> "/home/epi/PycharmProjects/fuzzing-101-solutions/jammy-rootfs//var/cache/apt/archives/partial/libglib2.0-0_2.72.1-1_arm64.deb" [1]
2022-10-08 11:02:35 URL:http://ports.ubuntu.com/ubuntu-ports/pool/main/g/glib2.0/libglib2.0-data_2.72.1-1_all.deb [4908/4908] -> "/home/epi/PycharmProjects/fuzzing-101-solutions/jammy-rootfs//var/cache/apt/archives/partial/libglib2.0-data_2.72.1-1_all.deb" [1]
2022-10-08 11:02:36 URL:http://ports.ubuntu.com/ubuntu-ports/pool/main/g/gmp/libgmp10_6.2.1+dfsg-3ubuntu1_arm64.deb [240242/240242] -> "/home/epi/PycharmProjects/fuzzing-101-solutions/jammy-rootfs//var/cache/apt/archives/partial/libgmp10_2%3a6.2.1+dfsg-3ubuntu1_arm64.deb" [1]
2022-10-08 11:02:37 URL:http://ports.ubuntu.com/ubuntu-ports/pool/main/g/gnutls28/libgnutls30_3.7.3-4ubuntu1_arm64.deb [923344/923344] -> "/home/epi/PycharmProjects/fuzzing-101-solutions/jammy-rootfs//var/cache/apt/archives/partial/libgnutls30_3.7.3-4ubuntu1_arm64.deb" [1]
2022-10-08 11:02:38 URL:http://ports.ubuntu.com/ubuntu-ports/pool/main/libg/libgpg-error/libgpg-error0_1.43-3_arm64.deb [69370/69370] -> "/home/epi/PycharmProjects/fuzzing-101-solutions/jammy-rootfs//var/cache/apt/archives/partial/libgpg-error0_1.43-3_arm64.deb" [1]
2022-10-08 11:02:39 URL:http://ports.ubuntu.com/ubuntu-ports/pool/main/k/krb5/libgssapi-krb5-2_1.19.2-2_arm64.deb [141762/141762] -> "/home/epi/PycharmProjects/fuzzing-101-solutions/jammy-rootfs//var/cache/apt/archives/partial/libgssapi-krb5-2_1.19.2-2_arm64.deb" [1]
2022-10-08 11:02:39 URL:http://ports.ubuntu.com/ubuntu-ports/pool/main/n/nettle/libhogweed6_3.7.3-1build2_arm64.deb [197036/197036] -> "/home/epi/PycharmProjects/fuzzing-101-solutions/jammy-rootfs//var/cache/apt/archives/partial/libhogweed6_3.7.3-1build2_arm64.deb" [1]
2022-10-08 11:02:41 URL:http://ports.ubuntu.com/ubuntu-ports/pool/main/i/icu/libicu70_70.1-2_arm64.deb [10503646/10503646] -> "/home/epi/PycharmProjects/fuzzing-101-solutions/jammy-rootfs//var/cache/apt/archives/partial/libicu70_70.1-2_arm64.deb" [1]
2022-10-08 11:02:42 URL:http://ports.ubuntu.com/ubuntu-ports/pool/main/libi/libidn2/libidn2-0_2.3.2-2build1_arm64.deb [66964/66964] -> "/home/epi/PycharmProjects/fuzzing-101-solutions/jammy-rootfs//var/cache/apt/archives/partial/libidn2-0_2.3.2-2build1_arm64.deb" [1]
2022-10-08 11:02:42 URL:http://ports.ubuntu.com/ubuntu-ports/pool/main/i/iptables/libip4tc2_1.8.7-1ubuntu5_arm64.deb [19772/19772] -> "/home/epi/PycharmProjects/fuzzing-101-solutions/jammy-rootfs//var/cache/apt/archives/partial/libip4tc2_1.8.7-1ubuntu5_arm64.deb" [1]
2022-10-08 11:02:43 URL:http://ports.ubuntu.com/ubuntu-ports/pool/main/b/bind9-libs/libisc-export1105_9.11.19+dfsg-2.1ubuntu3_arm64.deb [186202/186202] -> "/home/epi/PycharmProjects/fuzzing-101-solutions/jammy-rootfs//var/cache/apt/archives/partial/libisc-export1105_1%3a9.11.19+dfsg-2.1ubuntu3_arm64.deb" [1]
2022-10-08 11:02:44 URL:http://ports.ubuntu.com/ubuntu-ports/pool/main/j/json-c/libjson-c5_0.15-2build4_arm64.deb [32692/32692] -> "/home/epi/PycharmProjects/fuzzing-101-solutions/jammy-rootfs//var/cache/apt/archives/partial/libjson-c5_0.15-2build4_arm64.deb" [1]
2022-10-08 11:02:44 URL:http://ports.ubuntu.com/ubuntu-ports/pool/main/k/krb5/libk5crypto3_1.19.2-2_arm64.deb [91590/91590] -> "/home/epi/PycharmProjects/fuzzing-101-solutions/jammy-rootfs//var/cache/apt/archives/partial/libk5crypto3_1.19.2-2_arm64.deb" [1]
2022-10-08 11:02:45 URL:http://ports.ubuntu.com/ubuntu-ports/pool/main/k/keyutils/libkeyutils1_1.6.1-2ubuntu3_arm64.deb [10140/10140] -> "/home/epi/PycharmProjects/fuzzing-101-solutions/jammy-rootfs//var/cache/apt/archives/partial/libkeyutils1_1.6.1-2ubuntu3_arm64.deb" [1]
2022-10-08 11:02:45 URL:http://ports.ubuntu.com/ubuntu-ports/pool/main/k/kmod/libkmod2_29-1ubuntu1_arm64.deb [46416/46416] -> "/home/epi/PycharmProjects/fuzzing-101-solutions/jammy-rootfs//var/cache/apt/archives/partial/libkmod2_29-1ubuntu1_arm64.deb" [1]
2022-10-08 11:02:46 URL:http://ports.ubuntu.com/ubuntu-ports/pool/main/k/krb5/libkrb5-3_1.19.2-2_arm64.deb [356430/356430] -> "/home/epi/PycharmProjects/fuzzing-101-solutions/jammy-rootfs//var/cache/apt/archives/partial/libkrb5-3_1.19.2-2_arm64.deb" [1]
2022-10-08 11:02:47 URL:http://ports.ubuntu.com/ubuntu-ports/pool/main/k/krb5/libkrb5support0_1.19.2-2_arm64.deb [32308/32308] -> "/home/epi/PycharmProjects/fuzzing-101-solutions/jammy-rootfs//var/cache/apt/archives/partial/libkrb5support0_1.19.2-2_arm64.deb" [1]
2022-10-08 11:02:47 URL:http://ports.ubuntu.com/ubuntu-ports/pool/main/libl/liblocale-gettext-perl/liblocale-gettext-perl_1.07-4build3_arm64.deb [16920/16920] -> "/home/epi/PycharmProjects/fuzzing-101-solutions/jammy-rootfs//var/cache/apt/archives/partial/liblocale-gettext-perl_1.07-4build3_arm64.deb" [1]
2022-10-08 11:02:48 URL:http://ports.ubuntu.com/ubuntu-ports/pool/main/l/lz4/liblz4-1_1.9.3-2build2_arm64.deb [57640/57640] -> "/home/epi/PycharmProjects/fuzzing-101-solutions/jammy-rootfs//var/cache/apt/archives/partial/liblz4-1_1.9.3-2build2_arm64.deb" [1]
2022-10-08 11:02:48 URL:http://ports.ubuntu.com/ubuntu-ports/pool/main/x/xz-utils/liblzma5_5.2.5-2ubuntu1_arm64.deb [98254/98254] -> "/home/epi/PycharmProjects/fuzzing-101-solutions/jammy-rootfs//var/cache/apt/archives/partial/liblzma5_5.2.5-2ubuntu1_arm64.deb" [1]
2022-10-08 11:02:49 URL:http://ports.ubuntu.com/ubuntu-ports/pool/main/libm/libmd/libmd0_1.0.4-1build1_arm64.deb [23844/23844] -> "/home/epi/PycharmProjects/fuzzing-101-solutions/jammy-rootfs//var/cache/apt/archives/partial/libmd0_1.0.4-1build1_arm64.deb" [1]
2022-10-08 11:02:49 URL:http://ports.ubuntu.com/ubuntu-ports/pool/main/libm/libmnl/libmnl0_1.0.4-3build2_arm64.deb [12908/12908] -> "/home/epi/PycharmProjects/fuzzing-101-solutions/jammy-rootfs//var/cache/apt/archives/partial/libmnl0_1.0.4-3build2_arm64.deb" [1]
2022-10-08 11:02:50 URL:http://ports.ubuntu.com/ubuntu-ports/pool/main/u/util-linux/libmount1_2.37.2-4ubuntu3_arm64.deb [120176/120176] -> "/home/epi/PycharmProjects/fuzzing-101-solutions/jammy-rootfs//var/cache/apt/archives/partial/libmount1_2.37.2-4ubuntu3_arm64.deb" [1]
2022-10-08 11:02:50 URL:http://ports.ubuntu.com/ubuntu-ports/pool/main/m/mpdecimal/libmpdec3_2.5.1-2build2_arm64.deb [88962/88962] -> "/home/epi/PycharmProjects/fuzzing-101-solutions/jammy-rootfs//var/cache/apt/archives/partial/libmpdec3_2.5.1-2build2_arm64.deb" [1]
2022-10-08 11:02:51 URL:http://ports.ubuntu.com/ubuntu-ports/pool/main/n/ncurses/libncurses6_6.3-2_arm64.deb [106200/106200] -> "/home/epi/PycharmProjects/fuzzing-101-solutions/jammy-rootfs//var/cache/apt/archives/partial/libncurses6_6.3-2_arm64.deb" [1]
2022-10-08 11:02:52 URL:http://ports.ubuntu.com/ubuntu-ports/pool/main/n/ncurses/libncursesw6_6.3-2_arm64.deb [141986/141986] -> "/home/epi/PycharmProjects/fuzzing-101-solutions/jammy-rootfs//var/cache/apt/archives/partial/libncursesw6_6.3-2_arm64.deb" [1]
2022-10-08 11:02:52 URL:http://ports.ubuntu.com/ubuntu-ports/pool/main/n/netplan.io/libnetplan0_0.104-0ubuntu2_arm64.deb [85276/85276] -> "/home/epi/PycharmProjects/fuzzing-101-solutions/jammy-rootfs//var/cache/apt/archives/partial/libnetplan0_0.104-0ubuntu2_arm64.deb" [1]
2022-10-08 11:02:53 URL:http://ports.ubuntu.com/ubuntu-ports/pool/main/n/nettle/libnettle8_3.7.3-1build2_arm64.deb [169784/169784] -> "/home/epi/PycharmProjects/fuzzing-101-solutions/jammy-rootfs//var/cache/apt/archives/partial/libnettle8_3.7.3-1build2_arm64.deb" [1]
2022-10-08 11:02:53 URL:http://ports.ubuntu.com/ubuntu-ports/pool/main/n/newt/libnewt0.52_0.52.21-5ubuntu2_arm64.deb [44800/44800] -> "/home/epi/PycharmProjects/fuzzing-101-solutions/jammy-rootfs//var/cache/apt/archives/partial/libnewt0.52_0.52.21-5ubuntu2_arm64.deb" [1]
2022-10-08 11:02:54 URL:http://ports.ubuntu.com/ubuntu-ports/pool/main/libn/libnsl/libnsl2_1.3.0-2build2_arm64.deb [41420/41420] -> "/home/epi/PycharmProjects/fuzzing-101-solutions/jammy-rootfs//var/cache/apt/archives/partial/libnsl2_1.3.0-2build2_arm64.deb" [1]
2022-10-08 11:02:55 URL:http://ports.ubuntu.com/ubuntu-ports/pool/main/s/systemd/libnss-systemd_249.11-0ubuntu3_arm64.deb [133280/133280] -> "/home/epi/PycharmProjects/fuzzing-101-solutions/jammy-rootfs//var/cache/apt/archives/partial/libnss-systemd_249.11-0ubuntu3_arm64.deb" [1]
2022-10-08 11:02:55 URL:http://ports.ubuntu.com/ubuntu-ports/pool/main/p/p11-kit/libp11-kit0_0.24.0-6build1_arm64.deb [231434/231434] -> "/home/epi/PycharmProjects/fuzzing-101-solutions/jammy-rootfs//var/cache/apt/archives/partial/libp11-kit0_0.24.0-6build1_arm64.deb" [1]
2022-10-08 11:02:56 URL:http://ports.ubuntu.com/ubuntu-ports/pool/main/libc/libcap2/libpam-cap_2.44-1build3_arm64.deb [7956/7956] -> "/home/epi/PycharmProjects/fuzzing-101-solutions/jammy-rootfs//var/cache/apt/archives/partial/libpam-cap_1%3a2.44-1build3_arm64.deb" [1]
2022-10-08 11:02:56 URL:http://ports.ubuntu.com/ubuntu-ports/pool/main/p/pam/libpam-modules_1.4.0-11ubuntu2_arm64.deb [277538/277538] -> "/home/epi/PycharmProjects/fuzzing-101-solutions/jammy-rootfs//var/cache/apt/archives/partial/libpam-modules_1.4.0-11ubuntu2_arm64.deb" [1]
2022-10-08 11:02:57 URL:http://ports.ubuntu.com/ubuntu-ports/pool/main/p/pam/libpam-modules-bin_1.4.0-11ubuntu2_arm64.deb [38636/38636] -> "/home/epi/PycharmProjects/fuzzing-101-solutions/jammy-rootfs//var/cache/apt/archives/partial/libpam-modules-bin_1.4.0-11ubuntu2_arm64.deb" [1]
2022-10-08 11:02:57 URL:http://ports.ubuntu.com/ubuntu-ports/pool/main/p/pam/libpam-runtime_1.4.0-11ubuntu2_all.deb [40252/40252] -> "/home/epi/PycharmProjects/fuzzing-101-solutions/jammy-rootfs//var/cache/apt/archives/partial/libpam-runtime_1.4.0-11ubuntu2_all.deb" [1]
2022-10-08 11:02:58 URL:http://ports.ubuntu.com/ubuntu-ports/pool/main/s/systemd/libpam-systemd_249.11-0ubuntu3_arm64.deb [204966/204966] -> "/home/epi/PycharmProjects/fuzzing-101-solutions/jammy-rootfs//var/cache/apt/archives/partial/libpam-systemd_249.11-0ubuntu3_arm64.deb" [1]
2022-10-08 11:02:59 URL:http://ports.ubuntu.com/ubuntu-ports/pool/main/p/pam/libpam0g_1.4.0-11ubuntu2_arm64.deb [60556/60556] -> "/home/epi/PycharmProjects/fuzzing-101-solutions/jammy-rootfs//var/cache/apt/archives/partial/libpam0g_1.4.0-11ubuntu2_arm64.deb" [1]
2022-10-08 11:02:59 URL:http://ports.ubuntu.com/ubuntu-ports/pool/main/p/pcre2/libpcre2-8-0_10.39-3build1_arm64.deb [201040/201040] -> "/home/epi/PycharmProjects/fuzzing-101-solutions/jammy-rootfs//var/cache/apt/archives/partial/libpcre2-8-0_10.39-3build1_arm64.deb" [1]
2022-10-08 11:03:00 URL:http://ports.ubuntu.com/ubuntu-ports/pool/main/p/pcre3/libpcre3_8.39-13build5_arm64.deb [231296/231296] -> "/home/epi/PycharmProjects/fuzzing-101-solutions/jammy-rootfs//var/cache/apt/archives/partial/libpcre3_2%3a8.39-13build5_arm64.deb" [1]
2022-10-08 11:03:01 URL:http://ports.ubuntu.com/ubuntu-ports/pool/main/p/popt/libpopt0_1.18-3build1_arm64.deb [27970/27970] -> "/home/epi/PycharmProjects/fuzzing-101-solutions/jammy-rootfs//var/cache/apt/archives/partial/libpopt0_1.18-3build1_arm64.deb" [1]
2022-10-08 11:03:01 URL:http://ports.ubuntu.com/ubuntu-ports/pool/main/p/procps/libprocps8_3.3.17-6ubuntu2_arm64.deb [34980/34980] -> "/home/epi/PycharmProjects/fuzzing-101-solutions/jammy-rootfs//var/cache/apt/archives/partial/libprocps8_2%3a3.3.17-6ubuntu2_arm64.deb" [1]
2022-10-08 11:03:01 URL:http://ports.ubuntu.com/ubuntu-ports/pool/main/p/python3-defaults/libpython3-stdlib_3.10.4-0ubuntu2_arm64.deb [6990/6990] -> "/home/epi/PycharmProjects/fuzzing-101-solutions/jammy-rootfs//var/cache/apt/archives/partial/libpython3-stdlib_3.10.4-0ubuntu2_arm64.deb" [1]
2022-10-08 11:03:02 URL:http://ports.ubuntu.com/ubuntu-ports/pool/main/p/python3.10/libpython3.10-minimal_3.10.4-3_arm64.deb [806044/806044] -> "/home/epi/PycharmProjects/fuzzing-101-solutions/jammy-rootfs//var/cache/apt/archives/partial/libpython3.10-minimal_3.10.4-3_arm64.deb" [1]
2022-10-08 11:03:04 URL:http://ports.ubuntu.com/ubuntu-ports/pool/main/p/python3.10/libpython3.10-stdlib_3.10.4-3_arm64.deb [1826508/1826508] -> "/home/epi/PycharmProjects/fuzzing-101-solutions/jammy-rootfs//var/cache/apt/archives/partial/libpython3.10-stdlib_3.10.4-3_arm64.deb" [1]
2022-10-08 11:03:04 URL:http://ports.ubuntu.com/ubuntu-ports/pool/main/r/readline/libreadline8_8.1.2-1_arm64.deb [153336/153336] -> "/home/epi/PycharmProjects/fuzzing-101-solutions/jammy-rootfs//var/cache/apt/archives/partial/libreadline8_8.1.2-1_arm64.deb" [1]
2022-10-08 11:03:05 URL:http://ports.ubuntu.com/ubuntu-ports/pool/main/libs/libseccomp/libseccomp2_2.5.3-2ubuntu2_arm64.deb [47736/47736] -> "/home/epi/PycharmProjects/fuzzing-101-solutions/jammy-rootfs//var/cache/apt/archives/partial/libseccomp2_2.5.3-2ubuntu2_arm64.deb" [1]
2022-10-08 11:03:05 URL:http://ports.ubuntu.com/ubuntu-ports/pool/main/libs/libselinux/libselinux1_3.3-1build2_arm64.deb [74408/74408] -> "/home/epi/PycharmProjects/fuzzing-101-solutions/jammy-rootfs//var/cache/apt/archives/partial/libselinux1_3.3-1build2_arm64.deb" [1]
2022-10-08 11:03:06 URL:http://ports.ubuntu.com/ubuntu-ports/pool/main/libs/libsemanage/libsemanage-common_3.3-1build2_all.deb [9874/9874] -> "/home/epi/PycharmProjects/fuzzing-101-solutions/jammy-rootfs//var/cache/apt/archives/partial/libsemanage-common_3.3-1build2_all.deb" [1]
2022-10-08 11:03:06 URL:http://ports.ubuntu.com/ubuntu-ports/pool/main/libs/libsemanage/libsemanage2_3.3-1build2_arm64.deb [89298/89298] -> "/home/epi/PycharmProjects/fuzzing-101-solutions/jammy-rootfs//var/cache/apt/archives/partial/libsemanage2_3.3-1build2_arm64.deb" [1]
2022-10-08 11:03:07 URL:http://ports.ubuntu.com/ubuntu-ports/pool/main/libs/libsepol/libsepol2_3.3-1build1_arm64.deb [274326/274326] -> "/home/epi/PycharmProjects/fuzzing-101-solutions/jammy-rootfs//var/cache/apt/archives/partial/libsepol2_3.3-1build1_arm64.deb" [1]
2022-10-08 11:03:08 URL:http://ports.ubuntu.com/ubuntu-ports/pool/main/s/slang2/libslang2_2.3.2-5build4_arm64.deb [442030/442030] -> "/home/epi/PycharmProjects/fuzzing-101-solutions/jammy-rootfs//var/cache/apt/archives/partial/libslang2_2.3.2-5build4_arm64.deb" [1]
2022-10-08 11:03:08 URL:http://ports.ubuntu.com/ubuntu-ports/pool/main/u/util-linux/libsmartcols1_2.37.2-4ubuntu3_arm64.deb [49838/49838] -> "/home/epi/PycharmProjects/fuzzing-101-solutions/jammy-rootfs//var/cache/apt/archives/partial/libsmartcols1_2.37.2-4ubuntu3_arm64.deb" [1]
2022-10-08 11:03:09 URL:http://ports.ubuntu.com/ubuntu-ports/pool/main/s/sqlite3/libsqlite3-0_3.37.2-2_arm64.deb [635638/635638] -> "/home/epi/PycharmProjects/fuzzing-101-solutions/jammy-rootfs//var/cache/apt/archives/partial/libsqlite3-0_3.37.2-2_arm64.deb" [1]
2022-10-08 11:03:10 URL:http://ports.ubuntu.com/ubuntu-ports/pool/main/e/e2fsprogs/libss2_1.46.5-2ubuntu1_arm64.deb [11890/11890] -> "/home/epi/PycharmProjects/fuzzing-101-solutions/jammy-rootfs//var/cache/apt/archives/partial/libss2_1.46.5-2ubuntu1_arm64.deb" [1]
2022-10-08 11:03:11 URL:http://ports.ubuntu.com/ubuntu-ports/pool/main/o/openssl/libssl3_3.0.2-0ubuntu1_arm64.deb [1762502/1762502] -> "/home/epi/PycharmProjects/fuzzing-101-solutions/jammy-rootfs//var/cache/apt/archives/partial/libssl3_3.0.2-0ubuntu1_arm64.deb" [1]
2022-10-08 11:03:12 URL:http://ports.ubuntu.com/ubuntu-ports/pool/main/g/gcc-12/libstdc++6_12-20220319-1ubuntu1_arm64.deb [663674/663674] -> "/home/epi/PycharmProjects/fuzzing-101-solutions/jammy-rootfs//var/cache/apt/archives/partial/libstdc++6_12-20220319-1ubuntu1_arm64.deb" [1]
2022-10-08 11:03:13 URL:http://ports.ubuntu.com/ubuntu-ports/pool/main/s/systemd/libsystemd0_249.11-0ubuntu3_arm64.deb [313496/313496] -> "/home/epi/PycharmProjects/fuzzing-101-solutions/jammy-rootfs//var/cache/apt/archives/partial/libsystemd0_249.11-0ubuntu3_arm64.deb" [1]
2022-10-08 11:03:13 URL:http://ports.ubuntu.com/ubuntu-ports/pool/main/libt/libtasn1-6/libtasn1-6_4.18.0-4build1_arm64.deb [42600/42600] -> "/home/epi/PycharmProjects/fuzzing-101-solutions/jammy-rootfs//var/cache/apt/archives/partial/libtasn1-6_4.18.0-4build1_arm64.deb" [1]
2022-10-08 11:03:13 URL:http://ports.ubuntu.com/ubuntu-ports/pool/main/libt/libtext-charwidth-perl/libtext-charwidth-perl_0.04-10build3_arm64.deb [9988/9988] -> "/home/epi/PycharmProjects/fuzzing-101-solutions/jammy-rootfs//var/cache/apt/archives/partial/libtext-charwidth-perl_0.04-10build3_arm64.deb" [1]
2022-10-08 11:03:14 URL:http://ports.ubuntu.com/ubuntu-ports/pool/main/libt/libtext-iconv-perl/libtext-iconv-perl_1.7-7build3_arm64.deb [14028/14028] -> "/home/epi/PycharmProjects/fuzzing-101-solutions/jammy-rootfs//var/cache/apt/archives/partial/libtext-iconv-perl_1.7-7build3_arm64.deb" [1]
2022-10-08 11:03:14 URL:http://ports.ubuntu.com/ubuntu-ports/pool/main/libt/libtext-wrapi18n-perl/libtext-wrapi18n-perl_0.06-9_all.deb [8264/8264] -> "/home/epi/PycharmProjects/fuzzing-101-solutions/jammy-rootfs//var/cache/apt/archives/partial/libtext-wrapi18n-perl_0.06-9_all.deb" [1]
2022-10-08 11:03:14 URL:http://ports.ubuntu.com/ubuntu-ports/pool/main/n/ncurses/libtinfo6_6.3-2_arm64.deb [102550/102550] -> "/home/epi/PycharmProjects/fuzzing-101-solutions/jammy-rootfs//var/cache/apt/archives/partial/libtinfo6_6.3-2_arm64.deb" [1]
2022-10-08 11:03:15 URL:http://ports.ubuntu.com/ubuntu-ports/pool/main/libt/libtirpc/libtirpc-common_1.3.2-2build1_all.deb [7616/7616] -> "/home/epi/PycharmProjects/fuzzing-101-solutions/jammy-rootfs//var/cache/apt/archives/partial/libtirpc-common_1.3.2-2build1_all.deb" [1]
2022-10-08 11:03:15 URL:http://ports.ubuntu.com/ubuntu-ports/pool/main/libt/libtirpc/libtirpc3_1.3.2-2build1_arm64.deb [81680/81680] -> "/home/epi/PycharmProjects/fuzzing-101-solutions/jammy-rootfs//var/cache/apt/archives/partial/libtirpc3_1.3.2-2build1_arm64.deb" [1]
2022-10-08 11:03:16 URL:http://ports.ubuntu.com/ubuntu-ports/pool/main/s/systemd/libudev1_249.11-0ubuntu3_arm64.deb [74658/74658] -> "/home/epi/PycharmProjects/fuzzing-101-solutions/jammy-rootfs//var/cache/apt/archives/partial/libudev1_249.11-0ubuntu3_arm64.deb" [1]
2022-10-08 11:03:17 URL:http://ports.ubuntu.com/ubuntu-ports/pool/main/libu/libunistring/libunistring2_1.0-1_arm64.deb [543770/543770] -> "/home/epi/PycharmProjects/fuzzing-101-solutions/jammy-rootfs//var/cache/apt/archives/partial/libunistring2_1.0-1_arm64.deb" [1]
2022-10-08 11:03:17 URL:http://ports.ubuntu.com/ubuntu-ports/pool/main/u/util-linux/libuuid1_2.37.2-4ubuntu3_arm64.deb [24100/24100] -> "/home/epi/PycharmProjects/fuzzing-101-solutions/jammy-rootfs//var/cache/apt/archives/partial/libuuid1_2.37.2-4ubuntu3_arm64.deb" [1]
2022-10-08 11:03:18 URL:http://ports.ubuntu.com/ubuntu-ports/pool/main/libx/libxml2/libxml2_2.9.13+dfsg-1build1_arm64.deb [727320/727320] -> "/home/epi/PycharmProjects/fuzzing-101-solutions/jammy-rootfs//var/cache/apt/archives/partial/libxml2_2.9.13+dfsg-1build1_arm64.deb" [1]
2022-10-08 11:03:19 URL:http://ports.ubuntu.com/ubuntu-ports/pool/main/i/iptables/libxtables12_1.8.7-1ubuntu5_arm64.deb [30806/30806] -> "/home/epi/PycharmProjects/fuzzing-101-solutions/jammy-rootfs//var/cache/apt/archives/partial/libxtables12_1.8.7-1ubuntu5_arm64.deb" [1]
2022-10-08 11:03:19 URL:http://ports.ubuntu.com/ubuntu-ports/pool/main/x/xxhash/libxxhash0_0.8.1-1_arm64.deb [20106/20106] -> "/home/epi/PycharmProjects/fuzzing-101-solutions/jammy-rootfs//var/cache/apt/archives/partial/libxxhash0_0.8.1-1_arm64.deb" [1]
2022-10-08 11:03:19 URL:http://ports.ubuntu.com/ubuntu-ports/pool/main/liby/libyaml/libyaml-0-2_0.2.2-1build2_arm64.deb [51020/51020] -> "/home/epi/PycharmProjects/fuzzing-101-solutions/jammy-rootfs//var/cache/apt/archives/partial/libyaml-0-2_0.2.2-1build2_arm64.deb" [1]
2022-10-08 11:03:20 URL:http://ports.ubuntu.com/ubuntu-ports/pool/main/libz/libzstd/libzstd1_1.4.8+dfsg-3build1_arm64.deb [311026/311026] -> "/home/epi/PycharmProjects/fuzzing-101-solutions/jammy-rootfs//var/cache/apt/archives/partial/libzstd1_1.4.8+dfsg-3build1_arm64.deb" [1]
2022-10-08 11:03:22 URL:http://ports.ubuntu.com/ubuntu-ports/pool/main/g/glibc/locales_2.35-0ubuntu3_all.deb [4249078/4249078] -> "/home/epi/PycharmProjects/fuzzing-101-solutions/jammy-rootfs//var/cache/apt/archives/partial/locales_2.35-0ubuntu3_all.deb" [1]
2022-10-08 11:03:22 URL:http://ports.ubuntu.com/ubuntu-ports/pool/main/s/shadow/login_4.8.1-2ubuntu2_arm64.deb [186008/186008] -> "/home/epi/PycharmProjects/fuzzing-101-solutions/jammy-rootfs//var/cache/apt/archives/partial/login_1%3a4.8.1-2ubuntu2_arm64.deb" [1]
2022-10-08 11:03:23 URL:http://ports.ubuntu.com/ubuntu-ports/pool/main/l/logrotate/logrotate_3.19.0-1ubuntu1_arm64.deb [50430/50430] -> "/home/epi/PycharmProjects/fuzzing-101-solutions/jammy-rootfs//var/cache/apt/archives/partial/logrotate_3.19.0-1ubuntu1_arm64.deb" [1]
2022-10-08 11:03:23 URL:http://ports.ubuntu.com/ubuntu-ports/pool/main/e/e2fsprogs/logsave_1.46.5-2ubuntu1_arm64.deb [10478/10478] -> "/home/epi/PycharmProjects/fuzzing-101-solutions/jammy-rootfs//var/cache/apt/archives/partial/logsave_1.46.5-2ubuntu1_arm64.deb" [1]
2022-10-08 11:03:23 URL:http://ports.ubuntu.com/ubuntu-ports/pool/main/l/lsb/lsb-base_11.1.0ubuntu4_all.deb [12350/12350] -> "/home/epi/PycharmProjects/fuzzing-101-solutions/jammy-rootfs//var/cache/apt/archives/partial/lsb-base_11.1.0ubuntu4_all.deb" [1]
2022-10-08 11:03:24 URL:http://ports.ubuntu.com/ubuntu-ports/pool/main/l/lsb/lsb-release_11.1.0ubuntu4_all.deb [10772/10772] -> "/home/epi/PycharmProjects/fuzzing-101-solutions/jammy-rootfs//var/cache/apt/archives/partial/lsb-release_11.1.0ubuntu4_all.deb" [1]
2022-10-08 11:03:24 URL:http://ports.ubuntu.com/ubuntu-ports/pool/main/m/mawk/mawk_1.3.4.20200120-3_arm64.deb [100782/100782] -> "/home/epi/PycharmProjects/fuzzing-101-solutions/jammy-rootfs//var/cache/apt/archives/partial/mawk_1.3.4.20200120-3_arm64.deb" [1]
2022-10-08 11:03:25 URL:http://ports.ubuntu.com/ubuntu-ports/pool/main/m/media-types/media-types_7.0.0_all.deb [25510/25510] -> "/home/epi/PycharmProjects/fuzzing-101-solutions/jammy-rootfs//var/cache/apt/archives/partial/media-types_7.0.0_all.deb" [1]
2022-10-08 11:03:25 URL:http://ports.ubuntu.com/ubuntu-ports/pool/main/u/util-linux/mount_2.37.2-4ubuntu3_arm64.deb [112746/112746] -> "/home/epi/PycharmProjects/fuzzing-101-solutions/jammy-rootfs//var/cache/apt/archives/partial/mount_2.37.2-4ubuntu3_arm64.deb" [1]
2022-10-08 11:03:26 URL:http://ports.ubuntu.com/ubuntu-ports/pool/main/n/ncurses/ncurses-base_6.3-2_all.deb [20080/20080] -> "/home/epi/PycharmProjects/fuzzing-101-solutions/jammy-rootfs//var/cache/apt/archives/partial/ncurses-base_6.3-2_all.deb" [1]
2022-10-08 11:03:26 URL:http://ports.ubuntu.com/ubuntu-ports/pool/main/n/ncurses/ncurses-bin_6.3-2_arm64.deb [183154/183154] -> "/home/epi/PycharmProjects/fuzzing-101-solutions/jammy-rootfs//var/cache/apt/archives/partial/ncurses-bin_6.3-2_arm64.deb" [1]
2022-10-08 11:03:27 URL:http://ports.ubuntu.com/ubuntu-ports/pool/main/n/netbase/netbase_6.3_all.deb [12924/12924] -> "/home/epi/PycharmProjects/fuzzing-101-solutions/jammy-rootfs//var/cache/apt/archives/partial/netbase_6.3_all.deb" [1]
2022-10-08 11:03:27 URL:http://ports.ubuntu.com/ubuntu-ports/pool/main/n/netcat-openbsd/netcat-openbsd_1.218-4ubuntu1_arm64.deb [39036/39036] -> "/home/epi/PycharmProjects/fuzzing-101-solutions/jammy-rootfs//var/cache/apt/archives/partial/netcat-openbsd_1.218-4ubuntu1_arm64.deb" [1]
2022-10-08 11:03:28 URL:http://ports.ubuntu.com/ubuntu-ports/pool/main/n/netplan.io/netplan.io_0.104-0ubuntu2_arm64.deb [90504/90504] -> "/home/epi/PycharmProjects/fuzzing-101-solutions/jammy-rootfs//var/cache/apt/archives/partial/netplan.io_0.104-0ubuntu2_arm64.deb" [1]
2022-10-08 11:03:28 URL:http://ports.ubuntu.com/ubuntu-ports/pool/main/n/networkd-dispatcher/networkd-dispatcher_2.1-2_all.deb [14858/14858] -> "/home/epi/PycharmProjects/fuzzing-101-solutions/jammy-rootfs//var/cache/apt/archives/partial/networkd-dispatcher_2.1-2_all.deb" [1]
2022-10-08 11:03:29 URL:http://ports.ubuntu.com/ubuntu-ports/pool/main/o/openssl/openssl_3.0.2-0ubuntu1_arm64.deb [1160072/1160072] -> "/home/epi/PycharmProjects/fuzzing-101-solutions/jammy-rootfs//var/cache/apt/archives/partial/openssl_3.0.2-0ubuntu1_arm64.deb" [1]
2022-10-08 11:03:30 URL:http://ports.ubuntu.com/ubuntu-ports/pool/main/s/shadow/passwd_4.8.1-2ubuntu2_arm64.deb [761820/761820] -> "/home/epi/PycharmProjects/fuzzing-101-solutions/jammy-rootfs//var/cache/apt/archives/partial/passwd_1%3a4.8.1-2ubuntu2_arm64.deb" [1]
2022-10-08 11:03:31 URL:http://ports.ubuntu.com/ubuntu-ports/pool/main/p/perl/perl-base_5.34.0-3ubuntu1_arm64.deb [1706804/1706804] -> "/home/epi/PycharmProjects/fuzzing-101-solutions/jammy-rootfs//var/cache/apt/archives/partial/perl-base_5.34.0-3ubuntu1_arm64.deb" [1]
2022-10-08 11:03:32 URL:http://ports.ubuntu.com/ubuntu-ports/pool/main/p/procps/procps_3.3.17-6ubuntu2_arm64.deb [382240/382240] -> "/home/epi/PycharmProjects/fuzzing-101-solutions/jammy-rootfs//var/cache/apt/archives/partial/procps_2%3a3.3.17-6ubuntu2_arm64.deb" [1]
2022-10-08 11:03:33 URL:http://ports.ubuntu.com/ubuntu-ports/pool/main/p/python-apt/python-apt-common_2.3.0ubuntu2_all.deb [15242/15242] -> "/home/epi/PycharmProjects/fuzzing-101-solutions/jammy-rootfs//var/cache/apt/archives/partial/python-apt-common_2.3.0ubuntu2_all.deb" [1]
2022-10-08 11:03:33 URL:http://ports.ubuntu.com/ubuntu-ports/pool/main/p/python3-defaults/python3_3.10.4-0ubuntu2_arm64.deb [22772/22772] -> "/home/epi/PycharmProjects/fuzzing-101-solutions/jammy-rootfs//var/cache/apt/archives/partial/python3_3.10.4-0ubuntu2_arm64.deb" [1]
2022-10-08 11:03:34 URL:http://ports.ubuntu.com/ubuntu-ports/pool/main/p/python-apt/python3-apt_2.3.0ubuntu2_arm64.deb [161634/161634] -> "/home/epi/PycharmProjects/fuzzing-101-solutions/jammy-rootfs//var/cache/apt/archives/partial/python3-apt_2.3.0ubuntu2_arm64.deb" [1]
2022-10-08 11:03:35 URL:http://ports.ubuntu.com/ubuntu-ports/pool/main/d/dbus-python/python3-dbus_1.2.18-3build1_arm64.deb [98510/98510] -> "/home/epi/PycharmProjects/fuzzing-101-solutions/jammy-rootfs//var/cache/apt/archives/partial/python3-dbus_1.2.18-3build1_arm64.deb" [1]
2022-10-08 11:03:35 URL:http://ports.ubuntu.com/ubuntu-ports/pool/main/p/pygobject/python3-gi_3.42.0-3build1_arm64.deb [228050/228050] -> "/home/epi/PycharmProjects/fuzzing-101-solutions/jammy-rootfs//var/cache/apt/archives/partial/python3-gi_3.42.0-3build1_arm64.deb" [1]
2022-10-08 11:03:36 URL:http://ports.ubuntu.com/ubuntu-ports/pool/main/p/python3-defaults/python3-minimal_3.10.4-0ubuntu2_arm64.deb [24404/24404] -> "/home/epi/PycharmProjects/fuzzing-101-solutions/jammy-rootfs//var/cache/apt/archives/partial/python3-minimal_3.10.4-0ubuntu2_arm64.deb" [1]
2022-10-08 11:03:36 URL:http://ports.ubuntu.com/ubuntu-ports/pool/main/n/netifaces/python3-netifaces_0.11.0-1build2_arm64.deb [18256/18256] -> "/home/epi/PycharmProjects/fuzzing-101-solutions/jammy-rootfs//var/cache/apt/archives/partial/python3-netifaces_0.11.0-1build2_arm64.deb" [1]
2022-10-08 11:03:37 URL:http://ports.ubuntu.com/ubuntu-ports/pool/main/s/setuptools/python3-pkg-resources_59.6.0-1.2_all.deb [132304/132304] -> "/home/epi/PycharmProjects/fuzzing-101-solutions/jammy-rootfs//var/cache/apt/archives/partial/python3-pkg-resources_59.6.0-1.2_all.deb" [1]
2022-10-08 11:03:37 URL:http://ports.ubuntu.com/ubuntu-ports/pool/main/p/pyyaml/python3-yaml_5.4.1-1ubuntu1_arm64.deb [122432/122432] -> "/home/epi/PycharmProjects/fuzzing-101-solutions/jammy-rootfs//var/cache/apt/archives/partial/python3-yaml_5.4.1-1ubuntu1_arm64.deb" [1]
2022-10-08 11:03:38 URL:http://ports.ubuntu.com/ubuntu-ports/pool/main/p/python3.10/python3.10_3.10.4-3_arm64.deb [487814/487814] -> "/home/epi/PycharmProjects/fuzzing-101-solutions/jammy-rootfs//var/cache/apt/archives/partial/python3.10_3.10.4-3_arm64.deb" [1]
2022-10-08 11:03:39 URL:http://ports.ubuntu.com/ubuntu-ports/pool/main/p/python3.10/python3.10-minimal_3.10.4-3_arm64.deb [2243784/2243784] -> "/home/epi/PycharmProjects/fuzzing-101-solutions/jammy-rootfs//var/cache/apt/archives/partial/python3.10-minimal_3.10.4-3_arm64.deb" [1]
2022-10-08 11:03:40 URL:http://ports.ubuntu.com/ubuntu-ports/pool/main/r/readline/readline-common_8.1.2-1_all.deb [53544/53544] -> "/home/epi/PycharmProjects/fuzzing-101-solutions/jammy-rootfs//var/cache/apt/archives/partial/readline-common_8.1.2-1_all.deb" [1]
2022-10-08 11:03:41 URL:http://ports.ubuntu.com/ubuntu-ports/pool/main/r/rsyslog/rsyslog_8.2112.0-2ubuntu2_arm64.deb [495704/495704] -> "/home/epi/PycharmProjects/fuzzing-101-solutions/jammy-rootfs//var/cache/apt/archives/partial/rsyslog_8.2112.0-2ubuntu2_arm64.deb" [1]
2022-10-08 11:03:42 URL:http://ports.ubuntu.com/ubuntu-ports/pool/main/s/sed/sed_4.8-1ubuntu2_arm64.deb [186048/186048] -> "/home/epi/PycharmProjects/fuzzing-101-solutions/jammy-rootfs//var/cache/apt/archives/partial/sed_4.8-1ubuntu2_arm64.deb" [1]
2022-10-08 11:03:42 URL:http://ports.ubuntu.com/ubuntu-ports/pool/main/s/sensible-utils/sensible-utils_0.0.17_all.deb [20076/20076] -> "/home/epi/PycharmProjects/fuzzing-101-solutions/jammy-rootfs//var/cache/apt/archives/partial/sensible-utils_0.0.17_all.deb" [1]
2022-10-08 11:03:43 URL:http://ports.ubuntu.com/ubuntu-ports/pool/main/s/shared-mime-info/shared-mime-info_2.1-2_arm64.deb [453060/453060] -> "/home/epi/PycharmProjects/fuzzing-101-solutions/jammy-rootfs//var/cache/apt/archives/partial/shared-mime-info_2.1-2_arm64.deb" [1]
2022-10-08 11:03:44 URL:http://ports.ubuntu.com/ubuntu-ports/pool/main/s/sudo/sudo_1.9.9-1ubuntu2_arm64.deb [806342/806342] -> "/home/epi/PycharmProjects/fuzzing-101-solutions/jammy-rootfs//var/cache/apt/archives/partial/sudo_1.9.9-1ubuntu2_arm64.deb" [1]
2022-10-08 11:03:45 URL:http://ports.ubuntu.com/ubuntu-ports/pool/main/s/systemd/systemd_249.11-0ubuntu3_arm64.deb [4394790/4394790] -> "/home/epi/PycharmProjects/fuzzing-101-solutions/jammy-rootfs//var/cache/apt/archives/partial/systemd_249.11-0ubuntu3_arm64.deb" [1]
2022-10-08 11:03:45 URL:http://ports.ubuntu.com/ubuntu-ports/pool/main/s/systemd/systemd-sysv_249.11-0ubuntu3_arm64.deb [10460/10460] -> "/home/epi/PycharmProjects/fuzzing-101-solutions/jammy-rootfs//var/cache/apt/archives/partial/systemd-sysv_249.11-0ubuntu3_arm64.deb" [1]
2022-10-08 11:03:46 URL:http://ports.ubuntu.com/ubuntu-ports/pool/main/s/systemd/systemd-timesyncd_249.11-0ubuntu3_arm64.deb [29880/29880] -> "/home/epi/PycharmProjects/fuzzing-101-solutions/jammy-rootfs//var/cache/apt/archives/partial/systemd-timesyncd_249.11-0ubuntu3_arm64.deb" [1]
2022-10-08 11:03:46 URL:http://ports.ubuntu.com/ubuntu-ports/pool/main/s/sysvinit/sysvinit-utils_3.01-1ubuntu1_arm64.deb [20346/20346] -> "/home/epi/PycharmProjects/fuzzing-101-solutions/jammy-rootfs//var/cache/apt/archives/partial/sysvinit-utils_3.01-1ubuntu1_arm64.deb" [1]
2022-10-08 11:03:47 URL:http://ports.ubuntu.com/ubuntu-ports/pool/main/t/tar/tar_1.34+dfsg-1build3_arm64.deb [287076/287076] -> "/home/epi/PycharmProjects/fuzzing-101-solutions/jammy-rootfs//var/cache/apt/archives/partial/tar_1.34+dfsg-1build3_arm64.deb" [1]
2022-10-08 11:03:48 URL:http://ports.ubuntu.com/ubuntu-ports/pool/main/t/tzdata/tzdata_2022a-0ubuntu1_all.deb [341888/341888] -> "/home/epi/PycharmProjects/fuzzing-101-solutions/jammy-rootfs//var/cache/apt/archives/partial/tzdata_2022a-0ubuntu1_all.deb" [1]
2022-10-08 11:03:49 URL:http://ports.ubuntu.com/ubuntu-ports/pool/main/u/ubuntu-advantage-tools/ubuntu-advantage-tools_27.7~22.04.1_arm64.deb [780850/780850] -> "/home/epi/PycharmProjects/fuzzing-101-solutions/jammy-rootfs//var/cache/apt/archives/partial/ubuntu-advantage-tools_27.7~22.04.1_arm64.deb" [1]
2022-10-08 11:03:49 URL:http://ports.ubuntu.com/ubuntu-ports/pool/main/u/ubuntu-keyring/ubuntu-keyring_2021.03.26_all.deb [20856/20856] -> "/home/epi/PycharmProjects/fuzzing-101-solutions/jammy-rootfs//var/cache/apt/archives/partial/ubuntu-keyring_2021.03.26_all.deb" [1]
2022-10-08 11:03:50 URL:http://ports.ubuntu.com/ubuntu-ports/pool/main/u/ubuntu-meta/ubuntu-minimal_1.481_arm64.deb [2866/2866] -> "/home/epi/PycharmProjects/fuzzing-101-solutions/jammy-rootfs//var/cache/apt/archives/partial/ubuntu-minimal_1.481_arm64.deb" [1]
2022-10-08 11:03:50 URL:http://ports.ubuntu.com/ubuntu-ports/pool/main/u/ucf/ucf_3.0043_all.deb [56080/56080] -> "/home/epi/PycharmProjects/fuzzing-101-solutions/jammy-rootfs//var/cache/apt/archives/partial/ucf_3.0043_all.deb" [1]
2022-10-08 11:03:51 URL:http://ports.ubuntu.com/ubuntu-ports/pool/main/s/systemd/udev_249.11-0ubuntu3_arm64.deb [1540550/1540550] -> "/home/epi/PycharmProjects/fuzzing-101-solutions/jammy-rootfs//var/cache/apt/archives/partial/udev_249.11-0ubuntu3_arm64.deb" [1]
2022-10-08 11:03:52 URL:http://ports.ubuntu.com/ubuntu-ports/pool/main/u/usrmerge/usrmerge_25ubuntu2_all.deb [54662/54662] -> "/home/epi/PycharmProjects/fuzzing-101-solutions/jammy-rootfs//var/cache/apt/archives/partial/usrmerge_25ubuntu2_all.deb" [1]
2022-10-08 11:03:53 URL:http://ports.ubuntu.com/ubuntu-ports/pool/main/u/util-linux/util-linux_2.37.2-4ubuntu3_arm64.deb [1058486/1058486] -> "/home/epi/PycharmProjects/fuzzing-101-solutions/jammy-rootfs//var/cache/apt/archives/partial/util-linux_2.37.2-4ubuntu3_arm64.deb" [1]
2022-10-08 11:03:53 URL:http://ports.ubuntu.com/ubuntu-ports/pool/main/v/vim/vim-common_8.2.3995-1ubuntu2_all.deb [81500/81500] -> "/home/epi/PycharmProjects/fuzzing-101-solutions/jammy-rootfs//var/cache/apt/archives/partial/vim-common_2%3a8.2.3995-1ubuntu2_all.deb" [1]
2022-10-08 11:03:54 URL:http://ports.ubuntu.com/ubuntu-ports/pool/main/v/vim/vim-tiny_8.2.3995-1ubuntu2_arm64.deb [674946/674946] -> "/home/epi/PycharmProjects/fuzzing-101-solutions/jammy-rootfs//var/cache/apt/archives/partial/vim-tiny_2%3a8.2.3995-1ubuntu2_arm64.deb" [1]
2022-10-08 11:03:55 URL:http://ports.ubuntu.com/ubuntu-ports/pool/main/n/newt/whiptail_0.52.21-5ubuntu2_arm64.deb [17018/17018] -> "/home/epi/PycharmProjects/fuzzing-101-solutions/jammy-rootfs//var/cache/apt/archives/partial/whiptail_0.52.21-5ubuntu2_arm64.deb" [1]
2022-10-08 11:03:55 URL:http://ports.ubuntu.com/ubuntu-ports/pool/main/x/xdg-user-dirs/xdg-user-dirs_0.17-2ubuntu4_arm64.deb [53502/53502] -> "/home/epi/PycharmProjects/fuzzing-101-solutions/jammy-rootfs//var/cache/apt/archives/partial/xdg-user-dirs_0.17-2ubuntu4_arm64.deb" [1]
2022-10-08 11:03:56 URL:http://ports.ubuntu.com/ubuntu-ports/pool/main/x/xkeyboard-config/xkb-data_2.33-1_all.deb [394460/394460] -> "/home/epi/PycharmProjects/fuzzing-101-solutions/jammy-rootfs//var/cache/apt/archives/partial/xkb-data_2.33-1_all.deb" [1]
2022-10-08 11:03:57 URL:http://ports.ubuntu.com/ubuntu-ports/pool/main/v/vim/xxd_8.2.3995-1ubuntu2_arm64.deb [50678/50678] -> "/home/epi/PycharmProjects/fuzzing-101-solutions/jammy-rootfs//var/cache/apt/archives/partial/xxd_2%3a8.2.3995-1ubuntu2_arm64.deb" [1]
2022-10-08 11:03:57 URL:http://ports.ubuntu.com/ubuntu-ports/pool/main/z/zlib/zlib1g_1.2.11.dfsg-2ubuntu9_arm64.deb [56848/56848] -> "/home/epi/PycharmProjects/fuzzing-101-solutions/jammy-rootfs//var/cache/apt/archives/partial/zlib1g_1%3a1.2.11.dfsg-2ubuntu9_arm64.deb" [1]
chroot: failed to run command '/bin/true': No such file or directory
